<?xml version="1.0" encoding="UTF-8"?>
<!-- Generated by org.testng.reporters.JUnitXMLReporter -->
<testsuite ignored="1" hostname="DESKTOP-JBR7PPU" failures="0" tests="5" name="Personal loan" time="0.168" errors="0" timestamp="2025-06-23T15:09:30 IST">
  <testcase classname="test.day1" name="Demo" time="0.025"/>
  <testcase classname="test.day2" name="ploan" time="0.004"/>
  <testcase classname="test.day4" name="LoginAPIHomeLoan" time="0.004"/>
  <testcase classname="test.day4" name="MobileLoginHomeLoan" time="0.004"/>
  <testcase classname="test.day4" name="WebloginHomeLoan" time="0.013"/>
  <testcase classname="test.day1" name="SecondTest" time="0.0">
    <ignored/>
  </testcase> <!-- SecondTest -->
</testsuite> <!-- Personal loan -->
