<?xml version="1.0" encoding="UTF-8"?>
<testng-results ignored="0" total="2" passed="2" failed="0" skipped="0">
  <reporter-output>
  </reporter-output>
  <suite started-at="2026-02-27T19:22:46 IST" name="Default suite" finished-at="2026-02-27T19:22:46 IST" duration-ms="142">
    <groups>
    </groups>
    <test started-at="2026-02-27T19:22:46 IST" name="Default test" finished-at="2026-02-27T19:22:46 IST" duration-ms="142">
      <class name="DataProvider.DataProvider1">
        <test-method signature="testdata(java.lang.String,java.lang.String,int)[pri:0, instance:DataProvider.DataProvider1@bef2d72]" started-at="2026-02-27T19:22:46 IST" name="testdata" data-provider="DataTest" finished-at="2026-02-27T19:22:46 IST" duration-ms="29" status="PASS">
          <params>
            <param index="0">
              <value>
                <![CDATA[Rahul]]>
              </value>
            </param>
            <param index="1">
              <value>
                <![CDATA[IT]]>
              </value>
            </param>
            <param index="2">
              <value>
                <![CDATA[35000]]>
              </value>
            </param>
          </params>
          <reporter-output>
          </reporter-output>
        </test-method> <!-- testdata -->
        <test-method signature="testdata(java.lang.String,java.lang.String,int)[pri:0, instance:DataProvider.DataProvider1@bef2d72]" started-at="2026-02-27T19:22:46 IST" name="testdata" data-provider="DataTest" finished-at="2026-02-27T19:22:46 IST" duration-ms="3" status="PASS">
          <params>
            <param index="0">
              <value>
                <![CDATA[Aman]]>
              </value>
            </param>
            <param index="1">
              <value>
                <![CDATA[BPO]]>
              </value>
            </param>
            <param index="2">
              <value>
                <![CDATA[15000]]>
              </value>
            </param>
          </params>
          <reporter-output>
          </reporter-output>
        </test-method> <!-- testdata -->
      </class> <!-- DataProvider.DataProvider1 -->
    </test> <!-- Default test -->
  </suite> <!-- Default suite -->
</testng-results>
