<?xml version="1.0" encoding="UTF-8"?>
<!-- Generated by org.testng.reporters.JUnitReportReporter -->
<testsuite hostname="DESKTOP-JBR7PPU" failures="0" tests="2" name="DataProvider.DataProvider1" time="0.032" errors="0" timestamp="2026-02-27T19:22:47 IST" skipped="0">
  <testcase classname="DataProvider.DataProvider1" name="testdata" time="0.029"/>
  <system-out/>
  <testcase classname="DataProvider.DataProvider1" name="testdata" time="0.003"/>
  <system-out/>
</testsuite> <!-- DataProvider.DataProvider1 -->
