<?xml version="1.0" encoding="UTF-8"?>
<!-- Generated by org.testng.reporters.JUnitReportReporter -->
<testsuite hostname="DESKTOP-JBR7PPU" failures="0" tests="3" name="test.day4" time="0.021" errors="0" timestamp="2025-06-23T15:09:31 IST" skipped="0">
  <testcase classname="test.day4" name="LoginAPIHomeLoan" time="0.004"/>
  <system-out/>
  <testcase classname="test.day4" name="MobileLoginHomeLoan" time="0.004"/>
  <system-out/>
  <testcase classname="test.day4" name="WebloginHomeLoan" time="0.013"/>
  <system-out/>
</testsuite> <!-- test.day4 -->
