<?xml version="1.0" encoding="UTF-8"?>
<!-- Generated by org.testng.reporters.JUnitReportReporter -->
<testsuite hostname="DESKTOP-JBR7PPU" failures="0" tests="6" name="test.day3" time="0.114" errors="0" timestamp="2025-06-23T15:09:31 IST" skipped="1">
  <testcase classname="test.day3" name="MobilesignoutcarLoan" time="0.061"/>
  <system-out/>
  <testcase classname="test.day3" name="MobilesignoutcarLoan" time="0.014"/>
  <system-out/>
  <testcase classname="test.day3" name="WebloginCarLoan" time="0.005"/>
  <system-out/>
  <testcase classname="test.day3" name="MobileLogincarLoan" time="0.018"/>
  <system-out/>
  <testcase classname="test.day3" name="MobilesignoutcarLoan" time="0.016"/>
  <system-out/>
  <testcase classname="test.day3" name="MobilesignimcarLoan">
    <skipped/>
  </testcase> <!-- MobilesignimcarLoan -->
  <system-out/>
</testsuite> <!-- test.day3 -->
